<?xml version="1.0" encoding="UTF-8"?>
<testsuite xmlns:xsi="http://www.w3.org/2001/XMLSchema-instance" xsi:noNamespaceSchemaLocation="https://maven.apache.org/surefire/maven-surefire-plugin/xsd/surefire-test-report-3.0.xsd" version="3.0" name="org.openjfx.SolverTest" time="0.019" tests="6" errors="0" skipped="0" failures="0">
  <properties>
[...]
</properties>
  <testcase name="testValidBoxes" classname="org.openjfx.SolverTest" time="0.009"/>
  <testcase name="testValidAllRows" classname="org.openjfx.SolverTest" time="0.001"/>
  <testcase name="testValidBox" classname="org.openjfx.SolverTest" time="0.001"/>
  <testcase name="testValidRow" classname="org.openjfx.SolverTest" time="0.001"/>
  <testcase name="testValidAllColumns" classname="org.openjfx.SolverTest" time="0.001"/>
  <testcase name="testValidColumn" classname="org.openjfx.SolverTest" time="0.0"/>
</testsuite>